This is pdfTeX, Version 3.14159265-2.6-1.40.19 (TeX Live 2018) (preloaded format=latex 2018.6.16)  13 JUL 2022 15:38
entering extended mode
 restricted \write18 enabled.
 %&-line parsing enabled.
**thesis
(./thesis.tex
LaTeX2e <2018-04-01> patch level 5
(/usr/local/texlive/2018/texmf-dist/tex/latex/base/report.cls
Document Class: report 2014/09/29 v1.4h Standard LaTeX document class
(/usr/local/texlive/2018/texmf-dist/tex/latex/base/size12.clo
File: size12.clo 2014/09/29 v1.4h Standard LaTeX file (size option)
)
\c@part=\count80
\c@chapter=\count81
\c@section=\count82
\c@subsection=\count83
\c@subsubsection=\count84
\c@paragraph=\count85
\c@subparagraph=\count86
\c@figure=\count87
\c@table=\count88
\abovecaptionskip=\skip41
\belowcaptionskip=\skip42
\bibindent=\dimen102
) (./suthesis.sty
Document Style Option `suthesis' <9 Jul 1996>.
) (./cite.sty
Package: cite 1995/03/17  v 3.5x
) (./rotating.sty
Style option: rotating.sty, v1.9 <93/11/1> (SPQR / LMB)
\rot@box=\box26
\rot@tempbox=\box27
\rot@temp=\dimen103
\rot@width=\dimen104
\rot@height=\dimen105
\rot@depth=\dimen106
\rot@right=\dimen107
\rot@left=\dimen108
\rot@angle=\count89
\rot@count=\count90
\rot@circle=\count91
) (/usr/local/texlive/2018/texmf-dist/tex/latex/graphics/graphicx.sty
Package: graphicx 2017/06/01 v1.1a Enhanced LaTeX Graphics (DPC,SPQR)

(/usr/local/texlive/2018/texmf-dist/tex/latex/graphics/keyval.sty
Package: keyval 2014/10/28 v1.15 key=value parser (DPC)
\KV@toks@=\toks14
)
(/usr/local/texlive/2018/texmf-dist/tex/latex/graphics/graphics.sty
Package: graphics 2017/06/25 v1.2c Standard LaTeX Graphics (DPC,SPQR)

(/usr/local/texlive/2018/texmf-dist/tex/latex/graphics/trig.sty
Package: trig 2016/01/03 v1.10 sin cos tan (DPC)
)
(/usr/local/texlive/2018/texmf-dist/tex/latex/graphics-cfg/graphics.cfg
File: graphics.cfg 2016/06/04 v1.11 sample graphics configuration
)
Package graphics Info: Driver file: dvips.def on input line 99.

(/usr/local/texlive/2018/texmf-dist/tex/latex/graphics-def/dvips.def
File: dvips.def 2017/06/20 v3.1d Graphics/color driver for dvips
))
\Gin@req@height=\dimen109
\Gin@req@width=\dimen110
)
(/usr/local/texlive/2018/texmf-dist/tex/latex/hyperref/hyperref.sty
Package: hyperref 2018/02/06 v6.86b Hypertext links for LaTeX

(/usr/local/texlive/2018/texmf-dist/tex/generic/oberdiek/hobsub-hyperref.sty
Package: hobsub-hyperref 2016/05/16 v1.14 Bundle oberdiek, subset hyperref (HO)


(/usr/local/texlive/2018/texmf-dist/tex/generic/oberdiek/hobsub-generic.sty
Package: hobsub-generic 2016/05/16 v1.14 Bundle oberdiek, subset generic (HO)
Package: hobsub 2016/05/16 v1.14 Construct package bundles (HO)
Package: infwarerr 2016/05/16 v1.4 Providing info/warning/error messages (HO)
Package: ltxcmds 2016/05/16 v1.23 LaTeX kernel commands for general use (HO)
Package: ifluatex 2016/05/16 v1.4 Provides the ifluatex switch (HO)
Package ifluatex Info: LuaTeX not detected.
Package: ifvtex 2016/05/16 v1.6 Detect VTeX and its facilities (HO)
Package ifvtex Info: VTeX not detected.
Package: intcalc 2016/05/16 v1.2 Expandable calculations with integers (HO)
Package: ifpdf 2017/03/15 v3.2 Provides the ifpdf switch
Package: etexcmds 2016/05/16 v1.6 Avoid name clashes with e-TeX commands (HO)
Package etexcmds Info: Could not find \expanded.
(etexcmds)             That can mean that you are not using pdfTeX 1.50 or
(etexcmds)             that some package has redefined \expanded.
(etexcmds)             In the latter case, load this package earlier.
Package: kvsetkeys 2016/05/16 v1.17 Key value parser (HO)
Package: kvdefinekeys 2016/05/16 v1.4 Define keys (HO)
Package: pdftexcmds 2018/01/30 v0.27 Utility functions of pdfTeX for LuaTeX (HO
)
Package pdftexcmds Info: LuaTeX not detected.
Package pdftexcmds Info: \pdf@primitive is available.
Package pdftexcmds Info: \pdf@ifprimitive is available.
Package pdftexcmds Info: \pdfdraftmode is ignored in DVI mode.
Package: pdfescape 2016/05/16 v1.14 Implements pdfTeX's escape features (HO)
Package: bigintcalc 2016/05/16 v1.4 Expandable calculations on big integers (HO
)
Package: bitset 2016/05/16 v1.2 Handle bit-vector datatype (HO)
Package: uniquecounter 2016/05/16 v1.3 Provide unlimited unique counter (HO)
)
Package hobsub Info: Skipping package `hobsub' (already loaded).
Package: letltxmacro 2016/05/16 v1.5 Let assignment for LaTeX macros (HO)
Package: hopatch 2016/05/16 v1.3 Wrapper for package hooks (HO)
Package: xcolor-patch 2016/05/16 xcolor patch
Package: atveryend 2016/05/16 v1.9 Hooks at the very end of document (HO)
Package atveryend Info: \enddocument detected (standard20110627).
Package: atbegshi 2016/06/09 v1.18 At begin shipout hook (HO)
Package: refcount 2016/05/16 v3.5 Data extraction from label references (HO)
Package: hycolor 2016/05/16 v1.8 Color options for hyperref/bookmark (HO)
)
(/usr/local/texlive/2018/texmf-dist/tex/generic/ifxetex/ifxetex.sty
Package: ifxetex 2010/09/12 v0.6 Provides ifxetex conditional
)
(/usr/local/texlive/2018/texmf-dist/tex/latex/oberdiek/auxhook.sty
Package: auxhook 2016/05/16 v1.4 Hooks for auxiliary files (HO)
)
(/usr/local/texlive/2018/texmf-dist/tex/latex/oberdiek/kvoptions.sty
Package: kvoptions 2016/05/16 v3.12 Key value format for package options (HO)
)
\@linkdim=\dimen111
\Hy@linkcounter=\count92
\Hy@pagecounter=\count93

(/usr/local/texlive/2018/texmf-dist/tex/latex/hyperref/pd1enc.def
File: pd1enc.def 2018/02/06 v6.86b Hyperref: PDFDocEncoding definition (HO)
Now handling font encoding PD1 ...
... no UTF-8 mapping file for font encoding PD1
)
\Hy@SavedSpaceFactor=\count94

(/usr/local/texlive/2018/texmf-dist/tex/latex/latexconfig/hyperref.cfg
File: hyperref.cfg 2002/06/06 v1.2 hyperref configuration of TeXLive
)
Package hyperref Info: Hyper figures OFF on input line 4509.
Package hyperref Info: Link nesting OFF on input line 4514.
Package hyperref Info: Hyper index ON on input line 4517.
Package hyperref Info: Plain pages OFF on input line 4524.
Package hyperref Info: Backreferencing OFF on input line 4529.
Package hyperref Info: Implicit mode ON; LaTeX internals redefined.
Package hyperref Info: Bookmarks ON on input line 4762.
\c@Hy@tempcnt=\count95

(/usr/local/texlive/2018/texmf-dist/tex/latex/url/url.sty
\Urlmuskip=\muskip10
Package: url 2013/09/16  ver 3.4  Verb mode for urls, etc.
)
LaTeX Info: Redefining \url on input line 5115.
\XeTeXLinkMargin=\dimen112
\Fld@menulength=\count96
\Field@Width=\dimen113
\Fld@charsize=\dimen114
Package hyperref Info: Hyper figures OFF on input line 6369.
Package hyperref Info: Link nesting OFF on input line 6374.
Package hyperref Info: Hyper index ON on input line 6377.
Package hyperref Info: backreferencing OFF on input line 6384.
Package hyperref Info: Link coloring OFF on input line 6389.
Package hyperref Info: Link coloring with OCG OFF on input line 6394.
Package hyperref Info: PDF/A mode OFF on input line 6399.
LaTeX Info: Redefining \ref on input line 6439.
LaTeX Info: Redefining \pageref on input line 6443.
\Hy@abspage=\count97
\c@Item=\count98
\c@Hfootnote=\count99
)
Package hyperref Info: Driver: hdvips.

(/usr/local/texlive/2018/texmf-dist/tex/latex/hyperref/hdvips.def
File: hdvips.def 2018/02/06 v6.86b Hyperref driver for dvips

(/usr/local/texlive/2018/texmf-dist/tex/latex/hyperref/pdfmark.def
File: pdfmark.def 2018/02/06 v6.86b Hyperref definitions for pdfmark specials
\pdf@docset=\toks15
\pdf@box=\box28
\pdf@toks=\toks16
\pdf@defaulttoks=\toks17
\HyField@AnnotCount=\count100
\Fld@listcount=\count101
\c@bookmark@seq@number=\count102

(/usr/local/texlive/2018/texmf-dist/tex/latex/oberdiek/rerunfilecheck.sty
Package: rerunfilecheck 2016/05/16 v1.8 Rerun checks for auxiliary files (HO)
Package uniquecounter Info: New unique counter `rerunfilecheck' on input line 2
82.
)
\Hy@SectionHShift=\skip43
))
(./macros.tex) (./epsf.tex
\epsfvertlab=\box29
\epsfhorlab=\box30
\epsffiglab=\box31
\epsfvlabsize=\dimen115
\scott=\dimen116
\fighor=\dimen117
\figver=\dimen118
\rotbox=\box32
\epsffilein=\read1
\epsfxsize=\dimen119
\epsfysize=\dimen120
\epsftsize=\dimen121
\epsfrsize=\dimen122
\epsftmp=\dimen123
\pspoints=\dimen124
\ndots=\count103
\xorigon=\dimen125
\yorigon=\dimen126
\scaleval=\dimen127
\scaleorigon=\dimen128
) (./thesis.aux (./title.aux) (./chapter1.aux)
(./chapter2.aux) (./chapter3.aux) (./chapter4.aux) (./chapter5.aux)
(./chapter6.aux) (./appendix1.aux) (./appendix2.aux) (./appendix3.aux)
(./appendix4.aux) (./appendix5.aux) (./appendix6.aux))
\openout1 = `thesis.aux'.

LaTeX Font Info:    Checking defaults for OML/cmm/m/it on input line 45.
LaTeX Font Info:    ... okay on input line 45.
LaTeX Font Info:    Checking defaults for T1/cmr/m/n on input line 45.
LaTeX Font Info:    ... okay on input line 45.
LaTeX Font Info:    Checking defaults for OT1/cmr/m/n on input line 45.
LaTeX Font Info:    ... okay on input line 45.
LaTeX Font Info:    Checking defaults for OMS/cmsy/m/n on input line 45.
LaTeX Font Info:    ... okay on input line 45.
LaTeX Font Info:    Checking defaults for OMX/cmex/m/n on input line 45.
LaTeX Font Info:    ... okay on input line 45.
LaTeX Font Info:    Checking defaults for U/cmr/m/n on input line 45.
LaTeX Font Info:    ... okay on input line 45.
LaTeX Font Info:    Checking defaults for PD1/pdf/m/n on input line 45.
LaTeX Font Info:    ... okay on input line 45.
\AtBeginShipoutBox=\box33
Package hyperref Info: Link coloring OFF on input line 45.

(/usr/local/texlive/2018/texmf-dist/tex/latex/hyperref/nameref.sty
Package: nameref 2016/05/21 v2.44 Cross-referencing by name of section

(/usr/local/texlive/2018/texmf-dist/tex/generic/oberdiek/gettitlestring.sty
Package: gettitlestring 2016/05/16 v1.5 Cleanup title references (HO)
)
\c@section@level=\count104
)
LaTeX Info: Redefining \ref on input line 45.
LaTeX Info: Redefining \pageref on input line 45.
LaTeX Info: Redefining \nameref on input line 45.

(./thesis.out) (./thesis.out)
\@outlinefile=\write3
\openout3 = `thesis.out'.

\openout2 = `title.aux'.

 (./title.tex [1



] [2

]
LaTeX Font Info:    Try loading font information for OMS+cmr on input line 23.

(/usr/local/texlive/2018/texmf-dist/tex/latex/base/omscmr.fd
File: omscmr.fd 2014/09/29 v2.5h Standard LaTeX font definitions
)
LaTeX Font Info:    Font shape `OMS/cmr/m/n' in size <14.4> not available
(Font)              Font shape `OMS/cmsy/m/n' tried instead on input line 23.
 [3] [4

]
LaTeX Font Info:    External font `cmex10' loaded for size
(Font)              <12> on input line 23.
LaTeX Font Info:    External font `cmex10' loaded for size
(Font)              <8> on input line 23.
LaTeX Font Info:    External font `cmex10' loaded for size
(Font)              <6> on input line 23.
 [5]
[6

] (./abstract.tex) [7

] [8] (./preface.tex) [9


] [10

] (./symbols.tex [11

]
[12] [13] [14] [15]) [16] (./thesis.toc [17


]
Overfull \hbox (31.46689pt too wide) in paragraph at lines 58--58
 [][] [] []  
 []

[18]
Overfull \hbox (20.1087pt too wide) in paragraph at lines 67--67
 [][] [] []  
 []

)
\tf@toc=\write4
\openout4 = `thesis.toc'.

 [19] [20

] (./thesis.lot)
\tf@lot=\write5
\openout5 = `thesis.lot'.

 [21

] [22

] (./thesis.lof
Overfull \hbox (117.12296pt too wide) in paragraph at lines 9--9
 [][] [] []  
 []


Overfull \hbox (231.35788pt too wide) in paragraph at lines 10--10
 [][] [] []  
 []


Overfull \hbox (86.44272pt too wide) in paragraph at lines 12--12
 [][] [] []  
 []


Overfull \hbox (44.13551pt too wide) in paragraph at lines 13--13
 [][] [] []  
 []


Overfull \hbox (70.1414pt too wide) in paragraph at lines 14--14
 [][] [] []  
 []


Overfull \hbox (222.46344pt too wide) in paragraph at lines 15--15
 [][] [] []  
 []


Overfull \hbox (56.73749pt too wide) in paragraph at lines 21--21
 [][] [] []  
 []


Overfull \hbox (13.49348pt too wide) in paragraph at lines 29--29
 [][] [] []  
 []


Overfull \hbox (48.28745pt too wide) in paragraph at lines 30--30
 [][] [] []  
 []


Overfull \hbox (159.97113pt too wide) in paragraph at lines 32--32
 [][] [] []  
 []

[23

]
Overfull \hbox (10.19907pt too wide) in paragraph at lines 44--44
 [][] [] []  
 []


Overfull \hbox (73.08032pt too wide) in paragraph at lines 46--46
 [][] [] []  
 []


Overfull \hbox (177.38675pt too wide) in paragraph at lines 52--52
 [][] [] []  
 []


Overfull \hbox (139.0519pt too wide) in paragraph at lines 54--54
 [][] [] []  
 []


Overfull \hbox (85.55524pt too wide) in paragraph at lines 56--56
 [][] [] []  
 []


Overfull \hbox (83.03998pt too wide) in paragraph at lines 58--58
 [][] [] []  
 []


Overfull \hbox (4.5158pt too wide) in paragraph at lines 65--65
 [][] [] []  
 []

[24]
Overfull \hbox (39.50432pt too wide) in paragraph at lines 97--97
 [][] [] []  
 []

[25]
Overfull \hbox (166.76591pt too wide) in paragraph at lines 112--112
 [][] [] []  
 []


Overfull \hbox (86.54036pt too wide) in paragraph at lines 113--113
 [][] [] []  
 []

)
\tf@lof=\write6
\openout6 = `thesis.lof'.

 [26])
\openout2 = `chapter1.aux'.

 (./chapter1.tex
Chapter 1.
[1




] [2] [3] [4] [5] [6] [7]
LaTeX Font Info:    External font `cmex10' loaded for size
(Font)              <7> on input line 338.
LaTeX Font Info:    External font `cmex10' loaded for size
(Font)              <5> on input line 338.
 [8] [9] [10] [11]
LaTeX Font Info:    Font shape `OMS/cmr/m/n' in size <12> not available
(Font)              Font shape `OMS/cmsy/m/n' tried instead on input line 522.
 [12] [13]) [14] [15] [16]
\openout2 = `chapter2.aux'.


(./chapter2.tex
Chapter 2.
[17



] [18] [19] [20]) [21]
\openout2 = `chapter3.aux'.

 (./chapter3.tex [22



]
Chapter 3.
[23] [24] [25] [26] [27] [28] [29] [30] [31] [32] [33] [34] [35] [36] [37]
[38] [39] [40] [41] [42] [43] [44] [45] [46] [47] [48]) [49] [50] [51] [52]
[53] [54] [55]
\openout2 = `chapter4.aux'.

 (./chapter4.tex [56



]
Chapter 4.
[57] [58] [59] [60] [61] [62] [63] [64] [65] [66] [67] [68] [69] [70] [71]
[72] [73] [74] [75] [76] [77] [78] [79] [80] [81] [82] [83] [84] [85] [86]
[87] [88] [89] [90] [91] [92] [93] [94]) [95] [96]
\openout2 = `chapter5.aux'.

 (./chapter5.tex
Chapter 5.
[97





] [98] [99] [100] [101] [102] [103] [104] [105] [106] [107] [108] [109]
[110] [111] [112] [113] [114] [115] [116] [117] [118] [119] [120]

Package hyperref Warning: Token not allowed in a PDF string (PDFDocEncoding):
(hyperref)                removing `\\' on input line 1174.

[121] [122] [123] [124] [125] [126] (./chp5fig.tex [127] [128] [129] [130]
[131] [132] [133] [134] [135] [136] [137] [138] [139] [140] [141] [142]
[143] [144] [145] [146] [147] [148] [149] [150] [151] [152] [153] [154]
[155] [156] [157] [158] [159] [160] [161] [162] [163]))
\openout2 = `chapter6.aux'.

 (./chapter6.tex
[164









]
Chapter 6.
[165] [166] [167]) [168] [169]
\openout2 = `appendix1.aux'.

 (./appendix1.tex [170



]
Appendix A.
[171] [172] [173] [174] [175] [176] [177]

Package hyperref Warning: Token not allowed in a PDF string (PDFDocEncoding):
(hyperref)                removing `\\' on input line 319.

[178] [179] [180] [181] [182] [183] [184] [185] [186] [187]) [188]
\openout2 = `appendix2.aux'.


(./appendix2.tex
Appendix B.
[189



]) [190]
\openout2 = `appendix3.aux'.

 (./appendix3.tex
Appendix C.
[191



] [192] [193] [194] [195]) [196] [197] [198]
\openout2 = `appendix4.aux'.

 (./appendix4.tex
Appendix D.
[199



] [200] [201] [202] [203] [204] [205] [206] [207] [208] [209] [210])
[211] [212]
\openout2 = `appendix5.aux'.

 (./appendix5.tex
Appendix E.
[213



] [214] [215] [216]) [217]
\openout2 = `appendix6.aux'.

 (./appendix6.tex [218



]
Appendix F.
[219] [220] [221] [222] [223]) [224] [225] (./thesis.bbl [226


] [227] [228]
[229] [230] [231] [232] [233] [234] [235] [236])
Package atveryend Info: Empty hook `BeforeClearDocument' on input line 67.
 [237]
Package atveryend Info: Empty hook `AfterLastShipout' on input line 67.
 (./thesis.aux
(./title.aux) (./chapter1.aux) (./chapter2.aux) (./chapter3.aux)
(./chapter4.aux) (./chapter5.aux) (./chapter6.aux) (./appendix1.aux)
(./appendix2.aux) (./appendix3.aux) (./appendix4.aux) (./appendix5.aux)
(./appendix6.aux))
Package atveryend Info: Empty hook `AtVeryEndDocument' on input line 67.
Package atveryend Info: Executing hook `AtEndAfterFileList' on input line 67.
Package rerunfilecheck Info: File `thesis.out' has not changed.
(rerunfilecheck)             Checksum: C572F6CC94C656C21B806F9431D474DC;5570.
Package atveryend Info: Empty hook `AtVeryVeryEnd' on input line 67.
 ) 
Here is how much of TeX's memory you used:
 5882 strings out of 492647
 80331 string characters out of 6129589
 246239 words of memory out of 5000000
 9500 multiletter control sequences out of 15000+600000
 13987 words of font info for 48 fonts, out of 8000000 for 9000
 1143 hyphenation exceptions out of 8191
 34i,11n,38p,276b,411s stack positions out of 5000i,500n,10000p,200000b,80000s

Output written on thesis.dvi (263 pages, 1075708 bytes).
